<?xml version="1.0" encoding="UTF-8"?>
<testsuite xmlns:xsi="http://www.w3.org/2001/XMLSchema-instance" xsi:noNamespaceSchemaLocation="https://maven.apache.org/surefire/maven-surefire-plugin/xsd/surefire-test-report.xsd" version="3.0.2" name="ee2.cajablanca.GestorReservasSalasTest" time="0.116" tests="1" errors="0" skipped="0" failures="1">
  <properties>
[...]
</properties>
  <testcase name="todo_pendiente" classname="ee2.cajablanca.GestorReservasSalasTest" time="0.072">
    <failure message="Borra este test cuando tengas un @Test por cada camino independiente (mínimo V(G) tests)" type="org.opentest4j.AssertionFailedError"><![CDATA[org.opentest4j.AssertionFailedError: Borra este test cuando tengas un @Test por cada camino independiente (mínimo V(G) tests)
	at org.junit.jupiter.api.Assertions.fail(Assertions.java:142)
	at ee2.cajablanca.GestorReservasSalasTest.todo_pendiente(GestorReservasSalasTest.java:54)
]]></failure>
  </testcase>
</testsuite>