<?xml version="1.0" encoding="UTF-8"?>
<testsuite xmlns:xsi="http://www.w3.org/2001/XMLSchema-instance" xsi:noNamespaceSchemaLocation="https://maven.apache.org/surefire/maven-surefire-plugin/xsd/surefire-test-report-3.0.xsd" version="3.0" name="com.ulima.is2.streaming.ejercicio02.GestorReproduccionTest" time="10.843" tests="6" errors="0" skipped="0" failures="0">
  <properties>
[...]
</properties>
  <testcase name="cdnNoDisponible" classname="com.ulima.is2.streaming.ejercicio02.GestorReproduccionTest" time="10.821"/>
  <testcase name="reproduccionExitosa" classname="com.ulima.is2.streaming.ejercicio02.GestorReproduccionTest" time="0.004"/>
  <testcase name="videoNoEncontradoUrlVacia" classname="com.ulima.is2.streaming.ejercicio02.GestorReproduccionTest" time="0.001"/>
  <testcase name="videoNoEncontradoUrlNula" classname="com.ulima.is2.streaming.ejercicio02.GestorReproduccionTest" time="0.001"/>
  <testcase name="cuentaInactiva" classname="com.ulima.is2.streaming.ejercicio02.GestorReproduccionTest" time="0.001"/>
  <testcase name="videoNoEncontradoConCdnRealDevuelveNull" classname="com.ulima.is2.streaming.ejercicio02.GestorReproduccionTest" time="0.001"/>
</testsuite>